<?xml version="1.0" encoding="UTF-8"?>
<!-- Generated by org.testng.reporters.JUnitReportReporter -->
<testsuite hostname="MacBook-Pro.local" name="com.khabane.app.ItemSearchTest" tests="1" failures="0" timestamp="15 Jun 2018 11:07:48 GMT" time="8.994" errors="0">
  <testcase name="firstSearchResultIsRelatedTest" time="8.994" classname="com.khabane.app.ItemSearchTest"/>
</testsuite> <!-- com.khabane.app.ItemSearchTest -->
