<?xml version="1.0" encoding="UTF-8"?>
<!-- Generated by org.testng.reporters.JUnitReportReporter -->
<testsuite hostname="MacBook-Pro" name="com.khabane.app.ItemSearchTest" tests="1" failures="0" timestamp="14 Jun 2018 22:11:40 GMT" time="15.164" errors="0">
  <testcase name="firstSearchResultIsRelatedTest" time="15.164" classname="com.khabane.app.ItemSearchTest"/>
</testsuite> <!-- com.khabane.app.ItemSearchTest -->
