<?xml version="1.0" encoding="UTF-8"?>
<testsuite xmlns:xsi="http://www.w3.org/2001/XMLSchema-instance" xsi:noNamespaceSchemaLocation="https://maven.apache.org/surefire/maven-surefire-plugin/xsd/surefire-test-report.xsd" name="TestSuite" time="16.371" tests="2" errors="0" skipped="0" failures="0">
  <properties>
    <property name="gopherProxySet" value="false"/>
    <property name="awt.toolkit" value="sun.lwawt.macosx.LWCToolkit"/>
    <property name="file.encoding.pkg" value="sun.io"/>
    <property name="java.specification.version" value="1.8"/>
    <property name="sun.cpu.isalist" value=""/>
    <property name="sun.jnu.encoding" value="UTF-8"/>
    <property name="java.class.path" value="/Users/apple/Development/KidsWhoCode/myapp/target/test-classes:/Users/apple/Development/KidsWhoCode/myapp/target/classes:/Users/apple/.m2/repository/junit/junit/4.12/junit-4.12.jar:/Users/apple/.m2/repository/org/hamcrest/hamcrest-core/1.3/hamcrest-core-1.3.jar:/Users/apple/.m2/repository/org/seleniumhq/selenium/selenium-java/3.5.1/selenium-java-3.5.1.jar:/Users/apple/.m2/repository/org/seleniumhq/selenium/selenium-api/3.5.1/selenium-api-3.5.1.jar:/Users/apple/.m2/repository/org/seleniumhq/selenium/selenium-chrome-driver/3.5.1/selenium-chrome-driver-3.5.1.jar:/Users/apple/.m2/repository/org/seleniumhq/selenium/selenium-edge-driver/3.5.1/selenium-edge-driver-3.5.1.jar:/Users/apple/.m2/repository/org/seleniumhq/selenium/selenium-firefox-driver/3.5.1/selenium-firefox-driver-3.5.1.jar:/Users/apple/.m2/repository/org/seleniumhq/selenium/selenium-ie-driver/3.5.1/selenium-ie-driver-3.5.1.jar:/Users/apple/.m2/repository/org/seleniumhq/selenium/selenium-opera-driver/3.5.1/selenium-opera-driver-3.5.1.jar:/Users/apple/.m2/repository/org/seleniumhq/selenium/selenium-remote-driver/3.5.1/selenium-remote-driver-3.5.1.jar:/Users/apple/.m2/repository/org/seleniumhq/selenium/selenium-safari-driver/3.5.1/selenium-safari-driver-3.5.1.jar:/Users/apple/.m2/repository/org/seleniumhq/selenium/selenium-support/3.5.1/selenium-support-3.5.1.jar:/Users/apple/.m2/repository/cglib/cglib-nodep/3.2.4/cglib-nodep-3.2.4.jar:/Users/apple/.m2/repository/org/apache/commons/commons-exec/1.3/commons-exec-1.3.jar:/Users/apple/.m2/repository/org/apache/commons/commons-lang3/3.5/commons-lang3-3.5.jar:/Users/apple/.m2/repository/commons-codec/commons-codec/1.10/commons-codec-1.10.jar:/Users/apple/.m2/repository/commons-io/commons-io/2.5/commons-io-2.5.jar:/Users/apple/.m2/repository/commons-logging/commons-logging/1.2/commons-logging-1.2.jar:/Users/apple/.m2/repository/org/w3c/css/sac/1.3/sac-1.3.jar:/Users/apple/.m2/repository/net/sourceforge/cssparser/cssparser/0.9.23/cssparser-0.9.23.jar:/Users/apple/.m2/repository/com/google/code/gson/gson/2.8.0/gson-2.8.0.jar:/Users/apple/.m2/repository/com/google/guava/guava/23.0/guava-23.0.jar:/Users/apple/.m2/repository/com/google/code/findbugs/jsr305/1.3.9/jsr305-1.3.9.jar:/Users/apple/.m2/repository/com/google/errorprone/error_prone_annotations/2.0.18/error_prone_annotations-2.0.18.jar:/Users/apple/.m2/repository/com/google/j2objc/j2objc-annotations/1.1/j2objc-annotations-1.1.jar:/Users/apple/.m2/repository/org/codehaus/mojo/animal-sniffer-annotations/1.14/animal-sniffer-annotations-1.14.jar:/Users/apple/.m2/repository/net/sourceforge/htmlunit/htmlunit/2.27/htmlunit-2.27.jar:/Users/apple/.m2/repository/net/sourceforge/htmlunit/htmlunit-core-js/2.27/htmlunit-core-js-2.27.jar:/Users/apple/.m2/repository/net/sourceforge/htmlunit/neko-htmlunit/2.27/neko-htmlunit-2.27.jar:/Users/apple/.m2/repository/org/apache/httpcomponents/httpclient/4.5.3/httpclient-4.5.3.jar:/Users/apple/.m2/repository/org/apache/httpcomponents/httpcore/4.4.6/httpcore-4.4.6.jar:/Users/apple/.m2/repository/org/apache/httpcomponents/httpmime/4.5.3/httpmime-4.5.3.jar:/Users/apple/.m2/repository/org/eclipse/jetty/jetty-client/9.4.5.v20170502/jetty-client-9.4.5.v20170502.jar:/Users/apple/.m2/repository/org/eclipse/jetty/jetty-http/9.4.5.v20170502/jetty-http-9.4.5.v20170502.jar:/Users/apple/.m2/repository/org/eclipse/jetty/jetty-io/9.4.5.v20170502/jetty-io-9.4.5.v20170502.jar:/Users/apple/.m2/repository/org/eclipse/jetty/jetty-util/9.4.5.v20170502/jetty-util-9.4.5.v20170502.jar:/Users/apple/.m2/repository/net/java/dev/jna/jna/4.1.0/jna-4.1.0.jar:/Users/apple/.m2/repository/net/java/dev/jna/jna-platform/4.1.0/jna-platform-4.1.0.jar:/Users/apple/.m2/repository/org/seleniumhq/selenium/htmlunit-driver/2.27/htmlunit-driver-2.27.jar:/Users/apple/.m2/repository/javax/servlet/javax.servlet-api/3.1.0/javax.servlet-api-3.1.0.jar:/Users/apple/.m2/repository/org/eclipse/jetty/websocket/websocket-api/9.4.5.v20170502/websocket-api-9.4.5.v20170502.jar:/Users/apple/.m2/repository/org/eclipse/jetty/websocket/websocket-client/9.4.5.v20170502/websocket-client-9.4.5.v20170502.jar:/Users/apple/.m2/repository/org/eclipse/jetty/websocket/websocket-common/9.4.5.v20170502/websocket-common-9.4.5.v20170502.jar:/Users/apple/.m2/repository/xalan/serializer/2.7.2/serializer-2.7.2.jar:/Users/apple/.m2/repository/xalan/xalan/2.7.2/xalan-2.7.2.jar:/Users/apple/.m2/repository/xerces/xercesImpl/2.11.0/xercesImpl-2.11.0.jar:/Users/apple/.m2/repository/xml-apis/xml-apis/1.4.01/xml-apis-1.4.01.jar:/Users/apple/.m2/repository/org/testng/testng/6.8/testng-6.8.jar:/Users/apple/.m2/repository/org/beanshell/bsh/2.0b4/bsh-2.0b4.jar:/Users/apple/.m2/repository/com/beust/jcommander/1.27/jcommander-1.27.jar:/Users/apple/.m2/repository/org/yaml/snakeyaml/1.6/snakeyaml-1.6.jar:/Users/apple/.m2/repository/com/codeborne/phantomjsdriver/1.4.1/phantomjsdriver-1.4.1.jar:/Users/apple/.m2/repository/org/apache/maven/surefire/surefire-testng-utils/2.20.1/surefire-testng-utils-2.20.1.jar:/Users/apple/.m2/repository/org/apache/maven/surefire/surefire-grouper/2.20.1/surefire-grouper-2.20.1.jar:"/>
    <property name="java.vm.vendor" value="Oracle Corporation"/>
    <property name="sun.arch.data.model" value="64"/>
    <property name="java.vendor.url" value="http://java.oracle.com/"/>
    <property name="user.timezone" value=""/>
    <property name="java.vm.specification.version" value="1.8"/>
    <property name="os.name" value="Mac OS X"/>
    <property name="user.country" value="US"/>
    <property name="sun.java.launcher" value="SUN_STANDARD"/>
    <property name="sun.boot.library.path" value="/Library/Java/JavaVirtualMachines/jdk1.8.0_131.jdk/Contents/Home/jre/lib"/>
    <property name="sun.java.command" value="/Users/apple/Development/KidsWhoCode/myapp/target/surefire/surefirebooter5467521520735580837.jar /Users/apple/Development/KidsWhoCode/myapp/target/surefire 2018-06-15T00-11-22_025-jvmRun1 surefire8655451180494925039tmp surefire_02212815524676220629tmp"/>
    <property name="surefire.test.class.path" value="/Users/apple/Development/KidsWhoCode/myapp/target/test-classes:/Users/apple/Development/KidsWhoCode/myapp/target/classes:/Users/apple/.m2/repository/junit/junit/4.12/junit-4.12.jar:/Users/apple/.m2/repository/org/hamcrest/hamcrest-core/1.3/hamcrest-core-1.3.jar:/Users/apple/.m2/repository/org/seleniumhq/selenium/selenium-java/3.5.1/selenium-java-3.5.1.jar:/Users/apple/.m2/repository/org/seleniumhq/selenium/selenium-api/3.5.1/selenium-api-3.5.1.jar:/Users/apple/.m2/repository/org/seleniumhq/selenium/selenium-chrome-driver/3.5.1/selenium-chrome-driver-3.5.1.jar:/Users/apple/.m2/repository/org/seleniumhq/selenium/selenium-edge-driver/3.5.1/selenium-edge-driver-3.5.1.jar:/Users/apple/.m2/repository/org/seleniumhq/selenium/selenium-firefox-driver/3.5.1/selenium-firefox-driver-3.5.1.jar:/Users/apple/.m2/repository/org/seleniumhq/selenium/selenium-ie-driver/3.5.1/selenium-ie-driver-3.5.1.jar:/Users/apple/.m2/repository/org/seleniumhq/selenium/selenium-opera-driver/3.5.1/selenium-opera-driver-3.5.1.jar:/Users/apple/.m2/repository/org/seleniumhq/selenium/selenium-remote-driver/3.5.1/selenium-remote-driver-3.5.1.jar:/Users/apple/.m2/repository/org/seleniumhq/selenium/selenium-safari-driver/3.5.1/selenium-safari-driver-3.5.1.jar:/Users/apple/.m2/repository/org/seleniumhq/selenium/selenium-support/3.5.1/selenium-support-3.5.1.jar:/Users/apple/.m2/repository/cglib/cglib-nodep/3.2.4/cglib-nodep-3.2.4.jar:/Users/apple/.m2/repository/org/apache/commons/commons-exec/1.3/commons-exec-1.3.jar:/Users/apple/.m2/repository/org/apache/commons/commons-lang3/3.5/commons-lang3-3.5.jar:/Users/apple/.m2/repository/commons-codec/commons-codec/1.10/commons-codec-1.10.jar:/Users/apple/.m2/repository/commons-io/commons-io/2.5/commons-io-2.5.jar:/Users/apple/.m2/repository/commons-logging/commons-logging/1.2/commons-logging-1.2.jar:/Users/apple/.m2/repository/org/w3c/css/sac/1.3/sac-1.3.jar:/Users/apple/.m2/repository/net/sourceforge/cssparser/cssparser/0.9.23/cssparser-0.9.23.jar:/Users/apple/.m2/repository/com/google/code/gson/gson/2.8.0/gson-2.8.0.jar:/Users/apple/.m2/repository/com/google/guava/guava/23.0/guava-23.0.jar:/Users/apple/.m2/repository/com/google/code/findbugs/jsr305/1.3.9/jsr305-1.3.9.jar:/Users/apple/.m2/repository/com/google/errorprone/error_prone_annotations/2.0.18/error_prone_annotations-2.0.18.jar:/Users/apple/.m2/repository/com/google/j2objc/j2objc-annotations/1.1/j2objc-annotations-1.1.jar:/Users/apple/.m2/repository/org/codehaus/mojo/animal-sniffer-annotations/1.14/animal-sniffer-annotations-1.14.jar:/Users/apple/.m2/repository/net/sourceforge/htmlunit/htmlunit/2.27/htmlunit-2.27.jar:/Users/apple/.m2/repository/net/sourceforge/htmlunit/htmlunit-core-js/2.27/htmlunit-core-js-2.27.jar:/Users/apple/.m2/repository/net/sourceforge/htmlunit/neko-htmlunit/2.27/neko-htmlunit-2.27.jar:/Users/apple/.m2/repository/org/apache/httpcomponents/httpclient/4.5.3/httpclient-4.5.3.jar:/Users/apple/.m2/repository/org/apache/httpcomponents/httpcore/4.4.6/httpcore-4.4.6.jar:/Users/apple/.m2/repository/org/apache/httpcomponents/httpmime/4.5.3/httpmime-4.5.3.jar:/Users/apple/.m2/repository/org/eclipse/jetty/jetty-client/9.4.5.v20170502/jetty-client-9.4.5.v20170502.jar:/Users/apple/.m2/repository/org/eclipse/jetty/jetty-http/9.4.5.v20170502/jetty-http-9.4.5.v20170502.jar:/Users/apple/.m2/repository/org/eclipse/jetty/jetty-io/9.4.5.v20170502/jetty-io-9.4.5.v20170502.jar:/Users/apple/.m2/repository/org/eclipse/jetty/jetty-util/9.4.5.v20170502/jetty-util-9.4.5.v20170502.jar:/Users/apple/.m2/repository/net/java/dev/jna/jna/4.1.0/jna-4.1.0.jar:/Users/apple/.m2/repository/net/java/dev/jna/jna-platform/4.1.0/jna-platform-4.1.0.jar:/Users/apple/.m2/repository/org/seleniumhq/selenium/htmlunit-driver/2.27/htmlunit-driver-2.27.jar:/Users/apple/.m2/repository/javax/servlet/javax.servlet-api/3.1.0/javax.servlet-api-3.1.0.jar:/Users/apple/.m2/repository/org/eclipse/jetty/websocket/websocket-api/9.4.5.v20170502/websocket-api-9.4.5.v20170502.jar:/Users/apple/.m2/repository/org/eclipse/jetty/websocket/websocket-client/9.4.5.v20170502/websocket-client-9.4.5.v20170502.jar:/Users/apple/.m2/repository/org/eclipse/jetty/websocket/websocket-common/9.4.5.v20170502/websocket-common-9.4.5.v20170502.jar:/Users/apple/.m2/repository/xalan/serializer/2.7.2/serializer-2.7.2.jar:/Users/apple/.m2/repository/xalan/xalan/2.7.2/xalan-2.7.2.jar:/Users/apple/.m2/repository/xerces/xercesImpl/2.11.0/xercesImpl-2.11.0.jar:/Users/apple/.m2/repository/xml-apis/xml-apis/1.4.01/xml-apis-1.4.01.jar:/Users/apple/.m2/repository/org/testng/testng/6.8/testng-6.8.jar:/Users/apple/.m2/repository/org/beanshell/bsh/2.0b4/bsh-2.0b4.jar:/Users/apple/.m2/repository/com/beust/jcommander/1.27/jcommander-1.27.jar:/Users/apple/.m2/repository/org/yaml/snakeyaml/1.6/snakeyaml-1.6.jar:/Users/apple/.m2/repository/com/codeborne/phantomjsdriver/1.4.1/phantomjsdriver-1.4.1.jar:/Users/apple/.m2/repository/org/apache/maven/surefire/surefire-testng-utils/2.20.1/surefire-testng-utils-2.20.1.jar:/Users/apple/.m2/repository/org/apache/maven/surefire/surefire-grouper/2.20.1/surefire-grouper-2.20.1.jar:"/>
    <property name="sun.cpu.endian" value="little"/>
    <property name="user.home" value="/Users/apple"/>
    <property name="user.language" value="en"/>
    <property name="java.specification.vendor" value="Oracle Corporation"/>
    <property name="java.home" value="/Library/Java/JavaVirtualMachines/jdk1.8.0_131.jdk/Contents/Home/jre"/>
    <property name="basedir" value="/Users/apple/Development/KidsWhoCode/myapp"/>
    <property name="file.separator" value="/"/>
    <property name="line.separator" value="&#10;"/>
    <property name="java.vm.specification.vendor" value="Oracle Corporation"/>
    <property name="java.specification.name" value="Java Platform API Specification"/>
    <property name="java.awt.graphicsenv" value="sun.awt.CGraphicsEnvironment"/>
    <property name="surefire.real.class.path" value="/Users/apple/Development/KidsWhoCode/myapp/target/surefire/surefirebooter5467521520735580837.jar"/>
    <property name="sun.boot.class.path" value="/Library/Java/JavaVirtualMachines/jdk1.8.0_131.jdk/Contents/Home/jre/lib/resources.jar:/Library/Java/JavaVirtualMachines/jdk1.8.0_131.jdk/Contents/Home/jre/lib/rt.jar:/Library/Java/JavaVirtualMachines/jdk1.8.0_131.jdk/Contents/Home/jre/lib/sunrsasign.jar:/Library/Java/JavaVirtualMachines/jdk1.8.0_131.jdk/Contents/Home/jre/lib/jsse.jar:/Library/Java/JavaVirtualMachines/jdk1.8.0_131.jdk/Contents/Home/jre/lib/jce.jar:/Library/Java/JavaVirtualMachines/jdk1.8.0_131.jdk/Contents/Home/jre/lib/charsets.jar:/Library/Java/JavaVirtualMachines/jdk1.8.0_131.jdk/Contents/Home/jre/lib/jfr.jar:/Library/Java/JavaVirtualMachines/jdk1.8.0_131.jdk/Contents/Home/jre/classes"/>
    <property name="sun.management.compiler" value="HotSpot 64-Bit Tiered Compilers"/>
    <property name="java.runtime.version" value="1.8.0_131-b11"/>
    <property name="user.name" value="apple"/>
    <property name="path.separator" value=":"/>
    <property name="os.version" value="10.13.5"/>
    <property name="java.endorsed.dirs" value="/Library/Java/JavaVirtualMachines/jdk1.8.0_131.jdk/Contents/Home/jre/lib/endorsed"/>
    <property name="java.runtime.name" value="Java(TM) SE Runtime Environment"/>
    <property name="file.encoding" value="UTF-8"/>
    <property name="java.vm.name" value="Java HotSpot(TM) 64-Bit Server VM"/>
    <property name="localRepository" value="/Users/apple/.m2/repository"/>
    <property name="java.vendor.url.bug" value="http://bugreport.sun.com/bugreport/"/>
    <property name="java.io.tmpdir" value="/var/folders/q5/bmg0mrds0sg5qpdc_p0_sgjh0000gq/T/"/>
    <property name="java.version" value="1.8.0_131"/>
    <property name="user.dir" value="/Users/apple/Development/KidsWhoCode/myapp"/>
    <property name="os.arch" value="x86_64"/>
    <property name="java.vm.specification.name" value="Java Virtual Machine Specification"/>
    <property name="java.awt.printerjob" value="sun.lwawt.macosx.CPrinterJob"/>
    <property name="sun.os.patch.level" value="unknown"/>
    <property name="java.library.path" value="/Users/apple/Library/Java/Extensions:/Library/Java/Extensions:/Network/Library/Java/Extensions:/System/Library/Java/Extensions:/usr/lib/java:."/>
    <property name="java.vm.info" value="mixed mode"/>
    <property name="java.vendor" value="Oracle Corporation"/>
    <property name="java.vm.version" value="25.131-b11"/>
    <property name="java.ext.dirs" value="/Users/apple/Library/Java/Extensions:/Library/Java/JavaVirtualMachines/jdk1.8.0_131.jdk/Contents/Home/jre/lib/ext:/Library/Java/Extensions:/Network/Library/Java/Extensions:/System/Library/Java/Extensions:/usr/lib/java"/>
    <property name="sun.io.unicode.encoding" value="UnicodeBig"/>
    <property name="java.class.version" value="52.0"/>
  </properties>
  <testcase name="firstSearchResultIsRelatedTest" classname="com.khabane.app.ItemSearchTest" time="15.163"/>
  <testcase name="shouldAnswerWithTrue on shouldAnswerWithTrue(com.khabane.app.AppTest)" classname="com.khabane.app.AppTest" time="0.002"/>
</testsuite>