<?xml version="1.0" encoding="UTF-8"?>
<!-- Generated by org.testng.reporters.JUnitReportReporter -->
<testsuite hostname="MacBook-Pro.local" name="com.khabane.app.AppTest" tests="1" failures="0" timestamp="15 Jun 2018 11:07:48 GMT" time="0.001" errors="0">
  <testcase name="shouldAnswerWithTrue" time="0.001" classname="com.khabane.app.AppTest"/>
</testsuite> <!-- com.khabane.app.AppTest -->
